# JRE version: OpenJDK Runtime Environment (8.0_202-b03) (build 1.8.0_202-release-1483-b03)
# Java VM: OpenJDK 64-Bit Server VM (25.202-b03 mixed mode windows-amd64 compressed oops)
Heap:
 PSYoungGen      total 112128K, used 14542K [0x00000000e0000000, 0x00000000e9200000, 0x0000000100000000)
  eden space 99840K, 5% used [0x00000000e0000000,0x00000000e059b9a8,0x00000000e6180000)
  from space 12288K, 71% used [0x00000000e6180000,0x00000000e6a17f38,0x00000000e6d80000)
  to   space 12288K, 0% used [0x00000000e8600000,0x00000000e8600000,0x00000000e9200000)
 ParOldGen       total 81408K, used 20910K [0x00000000a0000000, 0x00000000a4f80000, 0x00000000e0000000)
  object space 81408K, 25% used [0x00000000a0000000,0x00000000a146b8c0,0x00000000a4f80000)
 Metaspace       used 50665K, capacity 51636K, committed 51928K, reserved 1093632K
  class space    used 6772K, capacity 7061K, committed 7168K, reserved 1048576K
GC Heap History (10 events):
Event: 21.846 GC heap before
{Heap before GC invocations=11 (full 1):
 PSYoungGen      total 61952K, used 59722K [0x00000000e0000000, 0x00000000e5c80000, 0x0000000100000000)
  eden space 52224K, 100% used [0x00000000e0000000,0x00000000e3300000,0x00000000e3300000)
  from space 9728K, 77% used [0x00000000e3300000,0x00000000e3a52b18,0x00000000e3c80000)
  to   space 10240K, 0% used [0x00000000e5280000,0x00000000e5280000,0x00000000e5c80000)
 ParOldGen       total 53248K, used 7921K [0x00000000a0000000, 0x00000000a3400000, 0x00000000e0000000)
  object space 53248K, 14% used [0x00000000a0000000,0x00000000a07bc5e8,0x00000000a3400000)
 Metaspace       used 33655K, capacity 34188K, committed 34560K, reserved 1079296K
  class space    used 4644K, capacity 4819K, committed 4864K, reserved 1048576K
Event: 21.868 GC heap after
Heap after GC invocations=11 (full 1):
 PSYoungGen      total 82432K, used 7206K [0x00000000e0000000, 0x00000000e5b80000, 0x0000000100000000)
  eden space 73216K, 0% used [0x00000000e0000000,0x00000000e0000000,0x00000000e4780000)
  from space 9216K, 78% used [0x00000000e5280000,0x00000000e5989880,0x00000000e5b80000)
  to   space 10240K, 0% used [0x00000000e4780000,0x00000000e4780000,0x00000000e5180000)
 ParOldGen       total 53248K, used 10997K [0x00000000a0000000, 0x00000000a3400000, 0x00000000e0000000)
  object space 53248K, 20% used [0x00000000a0000000,0x00000000a0abd608,0x00000000a3400000)
 Metaspace       used 33655K, capacity 34188K, committed 34560K, reserved 1079296K
  class space    used 4644K, capacity 4819K, committed 4864K, reserved 1048576K
}
Event: 22.572 GC heap before
{Heap before GC invocations=12 (full 1):
 PSYoungGen      total 82432K, used 19288K [0x00000000e0000000, 0x00000000e5b80000, 0x0000000100000000)
  eden space 73216K, 16% used [0x00000000e0000000,0x00000000e0bccad8,0x00000000e4780000)
  from space 9216K, 78% used [0x00000000e5280000,0x00000000e5989880,0x00000000e5b80000)
  to   space 10240K, 0% used [0x00000000e4780000,0x00000000e4780000,0x00000000e5180000)
 ParOldGen       total 53248K, used 10997K [0x00000000a0000000, 0x00000000a3400000, 0x00000000e0000000)
  object space 53248K, 20% used [0x00000000a0000000,0x00000000a0abd608,0x00000000a3400000)
 Metaspace       used 34652K, capacity 35214K, committed 35416K, reserved 1079296K
  class space    used 4785K, capacity 4970K, committed 4992K, reserved 1048576K
Event: 22.581 GC heap after
Heap after GC invocations=12 (full 1):
 PSYoungGen      total 83456K, used 1527K [0x00000000e0000000, 0x00000000e7980000, 0x0000000100000000)
  eden space 73216K, 0% used [0x00000000e0000000,0x00000000e0000000,0x00000000e4780000)
  from space 10240K, 14% used [0x00000000e4780000,0x00000000e48fde10,0x00000000e5180000)
  to   space 10752K, 0% used [0x00000000e6f00000,0x00000000e6f00000,0x00000000e7980000)
 ParOldGen       total 53248K, used 15475K [0x00000000a0000000, 0x00000000a3400000, 0x00000000e0000000)
  object space 53248K, 29% used [0x00000000a0000000,0x00000000a0f1ce20,0x00000000a3400000)
 Metaspace       used 34652K, capacity 35214K, committed 35416K, reserved 1079296K
  class space    used 4785K, capacity 4970K, committed 4992K, reserved 1048576K
}
Event: 22.581 GC heap before
{Heap before GC invocations=13 (full 2):
 PSYoungGen      total 83456K, used 1527K [0x00000000e0000000, 0x00000000e7980000, 0x0000000100000000)
  eden space 73216K, 0% used [0x00000000e0000000,0x00000000e0000000,0x00000000e4780000)
  from space 10240K, 14% used [0x00000000e4780000,0x00000000e48fde10,0x00000000e5180000)
  to   space 10752K, 0% used [0x00000000e6f00000,0x00000000e6f00000,0x00000000e7980000)
 ParOldGen       total 53248K, used 15475K [0x00000000a0000000, 0x00000000a3400000, 0x00000000e0000000)
  object space 53248K, 29% used [0x00000000a0000000,0x00000000a0f1ce20,0x00000000a3400000)
 Metaspace       used 34652K, capacity 35214K, committed 35416K, reserved 1079296K
  class space    used 4785K, capacity 4970K, committed 4992K, reserved 1048576K
Event: 22.694 GC heap after
Heap after GC invocations=13 (full 2):
 PSYoungGen      total 83456K, used 0K [0x00000000e0000000, 0x00000000e7980000, 0x0000000100000000)
  eden space 73216K, 0% used [0x00000000e0000000,0x00000000e0000000,0x00000000e4780000)
  from space 10240K, 0% used [0x00000000e4780000,0x00000000e4780000,0x00000000e5180000)
  to   space 10752K, 0% used [0x00000000e6f00000,0x00000000e6f00000,0x00000000e7980000)
 ParOldGen       total 81408K, used 15713K [0x00000000a0000000, 0x00000000a4f80000, 0x00000000e0000000)
  object space 81408K, 19% used [0x00000000a0000000,0x00000000a0f58658,0x00000000a4f80000)
 Metaspace       used 34652K, capacity 35214K, committed 35416K, reserved 1079296K
  class space    used 4785K, capacity 4970K, committed 4992K, reserved 1048576K
}
Event: 25.556 GC heap before
{Heap before GC invocations=14 (full 2):
 PSYoungGen      total 83456K, used 73057K [0x00000000e0000000, 0x00000000e7980000, 0x0000000100000000)
  eden space 73216K, 99% used [0x00000000e0000000,0x00000000e47586d8,0x00000000e4780000)
  from space 10240K, 0% used [0x00000000e4780000,0x00000000e4780000,0x00000000e5180000)
  to   space 10752K, 0% used [0x00000000e6f00000,0x00000000e6f00000,0x00000000e7980000)
 ParOldGen       total 81408K, used 15713K [0x00000000a0000000, 0x00000000a4f80000, 0x00000000e0000000)
  object space 81408K, 19% used [0x00000000a0000000,0x00000000a0f58658,0x00000000a4f80000)
 Metaspace       used 42835K, capacity 43522K, committed 43864K, reserved 1087488K
  class space    used 5784K, capacity 5997K, committed 6016K, reserved 1048576K
Event: 25.572 GC heap after
Heap after GC invocations=14 (full 2):
 PSYoungGen      total 107008K, used 10730K [0x00000000e0000000, 0x00000000e7980000, 0x0000000100000000)
  eden space 96256K, 0% used [0x00000000e0000000,0x00000000e0000000,0x00000000e5e00000)
  from space 10752K, 99% used [0x00000000e6f00000,0x00000000e797abb8,0x00000000e7980000)
  to   space 12288K, 0% used [0x00000000e6180000,0x00000000e6180000,0x00000000e6d80000)
 ParOldGen       total 81408K, used 16292K [0x00000000a0000000, 0x00000000a4f80000, 0x00000000e0000000)
  object space 81408K, 20% used [0x00000000a0000000,0x00000000a0fe90b8,0x00000000a4f80000)
 Metaspace       used 42835K, capacity 43522K, committed 43864K, reserved 1087488K
  class space    used 5784K, capacity 5997K, committed 6016K, reserved 1048576K
}
Event: 28.111 GC heap before
{Heap before GC invocations=15 (full 2):
 PSYoungGen      total 107008K, used 106986K [0x00000000e0000000, 0x00000000e7980000, 0x0000000100000000)
  eden space 96256K, 100% used [0x00000000e0000000,0x00000000e5e00000,0x00000000e5e00000)
  from space 10752K, 99% used [0x00000000e6f00000,0x00000000e797abb8,0x00000000e7980000)
  to   space 12288K, 0% used [0x00000000e6180000,0x00000000e6180000,0x00000000e6d80000)
 ParOldGen       total 81408K, used 16292K [0x00000000a0000000, 0x00000000a4f80000, 0x00000000e0000000)
  object space 81408K, 20% used [0x00000000a0000000,0x00000000a0fe90b8,0x00000000a4f80000)
 Metaspace       used 50029K, capacity 50982K, committed 51288K, reserved 1093632K
  class space    used 6719K, capacity 6994K, committed 7040K, reserved 1048576K
Event: 28.126 GC heap after
Heap after GC invocations=15 (full 2):
 PSYoungGen      total 112128K, used 8799K [0x00000000e0000000, 0x00000000e9200000, 0x0000000100000000)
  eden space 99840K, 0% used [0x00000000e0000000,0x00000000e0000000,0x00000000e6180000)
  from space 12288K, 71% used [0x00000000e6180000,0x00000000e6a17f38,0x00000000e6d80000)
  to   space 12288K, 0% used [0x00000000e8600000,0x00000000e8600000,0x00000000e9200000)
 ParOldGen       total 81408K, used 20910K [0x00000000a0000000, 0x00000000a4f80000, 0x00000000e0000000)
  object space 81408K, 25% used [0x00000000a0000000,0x00000000a146b8c0,0x00000000a4f80000)
 Metaspace       used 50029K, capacity 50982K, committed 51288K, reserved 1093632K
  class space    used 6719K, capacity 6994K, committed 7040K, reserved 1048576K
}

