# JRE version: OpenJDK Runtime Environment (8.0_202-b03) (build 1.8.0_202-release-1483-b03)
# Java VM: OpenJDK 64-Bit Server VM (25.202-b03 mixed mode windows-amd64 compressed oops)
Heap:
 PSYoungGen      total 133120K, used 28553K [0x00000000e0000000, 0x00000000eb300000, 0x0000000100000000)
  eden space 123904K, 15% used [0x00000000e0000000,0x00000000e12ea388,0x00000000e7900000)
  from space 9216K, 99% used [0x00000000e7900000,0x00000000e81f8130,0x00000000e8200000)
  to   space 11264K, 0% used [0x00000000ea800000,0x00000000ea800000,0x00000000eb300000)
 ParOldGen       total 63488K, used 15252K [0x00000000a0000000, 0x00000000a3e00000, 0x00000000e0000000)
  object space 63488K, 24% used [0x00000000a0000000,0x00000000a0ee5360,0x00000000a3e00000)
 Metaspace       used 33913K, capacity 34554K, committed 34816K, reserved 1079296K
  class space    used 4687K, capacity 4848K, committed 4864K, reserved 1048576K
GC Heap History (10 events):
Event: 6.634 GC heap before
{Heap before GC invocations=4 (full 0):
 PSYoungGen      total 36864K, used 36848K [0x00000000e0000000, 0x00000000e4380000, 0x0000000100000000)
  eden space 31744K, 100% used [0x00000000e0000000,0x00000000e1f00000,0x00000000e1f00000)
  from space 5120K, 99% used [0x00000000e3d80000,0x00000000e427c030,0x00000000e4280000)
  to   space 1024K, 0% used [0x00000000e4280000,0x00000000e4280000,0x00000000e4380000)
 ParOldGen       total 84992K, used 1586K [0x00000000a0000000, 0x00000000a5300000, 0x00000000e0000000)
  object space 84992K, 1% used [0x00000000a0000000,0x00000000a018c850,0x00000000a5300000)
 Metaspace       used 15497K, capacity 15844K, committed 16256K, reserved 1062912K
  class space    used 2198K, capacity 2318K, committed 2432K, reserved 1048576K
Event: 6.666 GC heap after
Heap after GC invocations=4 (full 0):
 PSYoungGen      total 64000K, used 1008K [0x00000000e0000000, 0x00000000e4800000, 0x0000000100000000)
  eden space 62976K, 0% used [0x00000000e0000000,0x00000000e0000000,0x00000000e3d80000)
  from space 1024K, 98% used [0x00000000e4280000,0x00000000e437c050,0x00000000e4380000)
  to   space 5120K, 0% used [0x00000000e3d80000,0x00000000e3d80000,0x00000000e4280000)
 ParOldGen       total 84992K, used 8581K [0x00000000a0000000, 0x00000000a5300000, 0x00000000e0000000)
  object space 84992K, 10% used [0x00000000a0000000,0x00000000a0861480,0x00000000a5300000)
 Metaspace       used 15497K, capacity 15844K, committed 16256K, reserved 1062912K
  class space    used 2198K, capacity 2318K, committed 2432K, reserved 1048576K
}
Event: 7.879 GC heap before
{Heap before GC invocations=5 (full 0):
 PSYoungGen      total 64000K, used 44252K [0x00000000e0000000, 0x00000000e4800000, 0x0000000100000000)
  eden space 62976K, 68% used [0x00000000e0000000,0x00000000e2a3b058,0x00000000e3d80000)
  from space 1024K, 98% used [0x00000000e4280000,0x00000000e437c050,0x00000000e4380000)
  to   space 5120K, 0% used [0x00000000e3d80000,0x00000000e3d80000,0x00000000e4280000)
 ParOldGen       total 84992K, used 8581K [0x00000000a0000000, 0x00000000a5300000, 0x00000000e0000000)
  object space 84992K, 10% used [0x00000000a0000000,0x00000000a0861480,0x00000000a5300000)
 Metaspace       used 20700K, capacity 21040K, committed 21248K, reserved 1067008K
  class space    used 2855K, capacity 2998K, committed 3072K, reserved 1048576K
Event: 7.889 GC heap after
Heap after GC invocations=5 (full 0):
 PSYoungGen      total 68096K, used 5101K [0x00000000e0000000, 0x00000000e8c00000, 0x0000000100000000)
  eden space 62976K, 0% used [0x00000000e0000000,0x00000000e0000000,0x00000000e3d80000)
  from space 5120K, 99% used [0x00000000e3d80000,0x00000000e427b7a0,0x00000000e4280000)
  to   space 8704K, 0% used [0x00000000e8380000,0x00000000e8380000,0x00000000e8c00000)
 ParOldGen       total 84992K, used 10114K [0x00000000a0000000, 0x00000000a5300000, 0x00000000e0000000)
  object space 84992K, 11% used [0x00000000a0000000,0x00000000a09e0b30,0x00000000a5300000)
 Metaspace       used 20700K, capacity 21040K, committed 21248K, reserved 1067008K
  class space    used 2855K, capacity 2998K, committed 3072K, reserved 1048576K
}
Event: 7.889 GC heap before
{Heap before GC invocations=6 (full 1):
 PSYoungGen      total 68096K, used 5101K [0x00000000e0000000, 0x00000000e8c00000, 0x0000000100000000)
  eden space 62976K, 0% used [0x00000000e0000000,0x00000000e0000000,0x00000000e3d80000)
  from space 5120K, 99% used [0x00000000e3d80000,0x00000000e427b7a0,0x00000000e4280000)
  to   space 8704K, 0% used [0x00000000e8380000,0x00000000e8380000,0x00000000e8c00000)
 ParOldGen       total 84992K, used 10114K [0x00000000a0000000, 0x00000000a5300000, 0x00000000e0000000)
  object space 84992K, 11% used [0x00000000a0000000,0x00000000a09e0b30,0x00000000a5300000)
 Metaspace       used 20700K, capacity 21040K, committed 21248K, reserved 1067008K
  class space    used 2855K, capacity 2998K, committed 3072K, reserved 1048576K
Event: 7.942 GC heap after
Heap after GC invocations=6 (full 1):
 PSYoungGen      total 68096K, used 0K [0x00000000e0000000, 0x00000000e8c00000, 0x0000000100000000)
  eden space 62976K, 0% used [0x00000000e0000000,0x00000000e0000000,0x00000000e3d80000)
  from space 5120K, 0% used [0x00000000e3d80000,0x00000000e3d80000,0x00000000e4280000)
  to   space 8704K, 0% used [0x00000000e8380000,0x00000000e8380000,0x00000000e8c00000)
 ParOldGen       total 63488K, used 13076K [0x00000000a0000000, 0x00000000a3e00000, 0x00000000e0000000)
  object space 63488K, 20% used [0x00000000a0000000,0x00000000a0cc53b0,0x00000000a3e00000)
 Metaspace       used 20700K, capacity 21040K, committed 21248K, reserved 1067008K
  class space    used 2855K, capacity 2998K, committed 3072K, reserved 1048576K
}
Event: 9.393 GC heap before
{Heap before GC invocations=7 (full 1):
 PSYoungGen      total 68096K, used 62976K [0x00000000e0000000, 0x00000000e8c00000, 0x0000000100000000)
  eden space 62976K, 100% used [0x00000000e0000000,0x00000000e3d80000,0x00000000e3d80000)
  from space 5120K, 0% used [0x00000000e3d80000,0x00000000e3d80000,0x00000000e4280000)
  to   space 8704K, 0% used [0x00000000e8380000,0x00000000e8380000,0x00000000e8c00000)
 ParOldGen       total 63488K, used 13076K [0x00000000a0000000, 0x00000000a3e00000, 0x00000000e0000000)
  object space 63488K, 20% used [0x00000000a0000000,0x00000000a0cc53b0,0x00000000a3e00000)
 Metaspace       used 28067K, capacity 28484K, committed 28800K, reserved 1075200K
  class space    used 3776K, capacity 3913K, committed 3968K, reserved 1048576K
Event: 9.407 GC heap after
Heap after GC invocations=7 (full 1):
 PSYoungGen      total 108544K, used 7361K [0x00000000e0000000, 0x00000000e8b00000, 0x0000000100000000)
  eden space 100864K, 0% used [0x00000000e0000000,0x00000000e0000000,0x00000000e6280000)
  from space 7680K, 95% used [0x00000000e8380000,0x00000000e8ab0508,0x00000000e8b00000)
  to   space 9216K, 0% used [0x00000000e7900000,0x00000000e7900000,0x00000000e8200000)
 ParOldGen       total 63488K, used 13084K [0x00000000a0000000, 0x00000000a3e00000, 0x00000000e0000000)
  object space 63488K, 20% used [0x00000000a0000000,0x00000000a0cc73b0,0x00000000a3e00000)
 Metaspace       used 28067K, capacity 28484K, committed 28800K, reserved 1075200K
  class space    used 3776K, capacity 3913K, committed 3968K, reserved 1048576K
}
Event: 10.933 GC heap before
{Heap before GC invocations=8 (full 1):
 PSYoungGen      total 108544K, used 108225K [0x00000000e0000000, 0x00000000e8b00000, 0x0000000100000000)
  eden space 100864K, 100% used [0x00000000e0000000,0x00000000e6280000,0x00000000e6280000)
  from space 7680K, 95% used [0x00000000e8380000,0x00000000e8ab0508,0x00000000e8b00000)
  to   space 9216K, 0% used [0x00000000e7900000,0x00000000e7900000,0x00000000e8200000)
 ParOldGen       total 63488K, used 13084K [0x00000000a0000000, 0x00000000a3e00000, 0x00000000e0000000)
  object space 63488K, 20% used [0x00000000a0000000,0x00000000a0cc73b0,0x00000000a3e00000)
 Metaspace       used 33090K, capacity 33622K, committed 33920K, reserved 1079296K
  class space    used 4565K, capacity 4726K, committed 4736K, reserved 1048576K
Event: 10.946 GC heap after
Heap after GC invocations=8 (full 1):
 PSYoungGen      total 133120K, used 9184K [0x00000000e0000000, 0x00000000eb300000, 0x0000000100000000)
  eden space 123904K, 0% used [0x00000000e0000000,0x00000000e0000000,0x00000000e7900000)
  from space 9216K, 99% used [0x00000000e7900000,0x00000000e81f8130,0x00000000e8200000)
  to   space 11264K, 0% used [0x00000000ea800000,0x00000000ea800000,0x00000000eb300000)
 ParOldGen       total 63488K, used 15252K [0x00000000a0000000, 0x00000000a3e00000, 0x00000000e0000000)
  object space 63488K, 24% used [0x00000000a0000000,0x00000000a0ee5360,0x00000000a3e00000)
 Metaspace       used 33090K, capacity 33622K, committed 33920K, reserved 1079296K
  class space    used 4565K, capacity 4726K, committed 4736K, reserved 1048576K
}

