# JRE version: OpenJDK Runtime Environment (8.0_202-b03) (build 1.8.0_202-release-1483-b03)
# Java VM: OpenJDK 64-Bit Server VM (25.202-b03 mixed mode windows-amd64 compressed oops)
Heap:
 PSYoungGen      total 68096K, used 3368K [0x00000000e0000000, 0x00000000e5b80000, 0x0000000100000000)
  eden space 57856K, 5% used [0x00000000e0000000,0x00000000e034a2d8,0x00000000e3880000)
  from space 10240K, 0% used [0x00000000e3880000,0x00000000e3880000,0x00000000e4280000)
  to   space 10752K, 0% used [0x00000000e5100000,0x00000000e5100000,0x00000000e5b80000)
 ParOldGen       total 92672K, used 15477K [0x00000000a0000000, 0x00000000a5a80000, 0x00000000e0000000)
  object space 92672K, 16% used [0x00000000a0000000,0x00000000a0f1d590,0x00000000a5a80000)
 Metaspace       used 34951K, capacity 35584K, committed 35928K, reserved 1081344K
  class space    used 4787K, capacity 4965K, committed 4992K, reserved 1048576K
GC Heap History (10 events):
Event: 13.628 GC heap before
{Heap before GC invocations=9 (full 1):
 PSYoungGen      total 41472K, used 35570K [0x00000000e0000000, 0x00000000e4100000, 0x0000000100000000)
  eden space 31232K, 100% used [0x00000000e0000000,0x00000000e1e80000,0x00000000e1e80000)
  from space 10240K, 42% used [0x00000000e1e80000,0x00000000e22bcb88,0x00000000e2880000)
  to   space 10240K, 0% used [0x00000000e3700000,0x00000000e3700000,0x00000000e4100000)
 ParOldGen       total 60928K, used 8384K [0x00000000a0000000, 0x00000000a3b80000, 0x00000000e0000000)
  object space 60928K, 13% used [0x00000000a0000000,0x00000000a08303e0,0x00000000a3b80000)
 Metaspace       used 28568K, capacity 28974K, committed 29440K, reserved 1075200K
  class space    used 3853K, capacity 4009K, committed 4096K, reserved 1048576K
Event: 13.635 GC heap after
Heap after GC invocations=9 (full 1):
 PSYoungGen      total 53248K, used 5691K [0x00000000e0000000, 0x00000000e3f00000, 0x0000000100000000)
  eden space 45056K, 0% used [0x00000000e0000000,0x00000000e0000000,0x00000000e2c00000)
  from space 8192K, 69% used [0x00000000e3700000,0x00000000e3c8edf8,0x00000000e3f00000)
  to   space 9728K, 0% used [0x00000000e2c00000,0x00000000e2c00000,0x00000000e3580000)
 ParOldGen       total 60928K, used 8392K [0x00000000a0000000, 0x00000000a3b80000, 0x00000000e0000000)
  object space 60928K, 13% used [0x00000000a0000000,0x00000000a08323e0,0x00000000a3b80000)
 Metaspace       used 28568K, capacity 28974K, committed 29440K, reserved 1075200K
  class space    used 3853K, capacity 4009K, committed 4096K, reserved 1048576K
}
Event: 15.288 GC heap before
{Heap before GC invocations=10 (full 1):
 PSYoungGen      total 53248K, used 50747K [0x00000000e0000000, 0x00000000e3f00000, 0x0000000100000000)
  eden space 45056K, 100% used [0x00000000e0000000,0x00000000e2c00000,0x00000000e2c00000)
  from space 8192K, 69% used [0x00000000e3700000,0x00000000e3c8edf8,0x00000000e3f00000)
  to   space 9728K, 0% used [0x00000000e2c00000,0x00000000e2c00000,0x00000000e3580000)
 ParOldGen       total 60928K, used 8392K [0x00000000a0000000, 0x00000000a3b80000, 0x00000000e0000000)
  object space 60928K, 13% used [0x00000000a0000000,0x00000000a08323e0,0x00000000a3b80000)
 Metaspace       used 30858K, capacity 31372K, committed 31616K, reserved 1077248K
  class space    used 4226K, capacity 4403K, committed 4480K, reserved 1048576K
Event: 15.312 GC heap after
Heap after GC invocations=10 (full 1):
 PSYoungGen      total 54784K, used 6876K [0x00000000e0000000, 0x00000000e4c00000, 0x0000000100000000)
  eden space 45056K, 0% used [0x00000000e0000000,0x00000000e0000000,0x00000000e2c00000)
  from space 9728K, 70% used [0x00000000e2c00000,0x00000000e32b7038,0x00000000e3580000)
  to   space 9728K, 0% used [0x00000000e4280000,0x00000000e4280000,0x00000000e4c00000)
 ParOldGen       total 60928K, used 8400K [0x00000000a0000000, 0x00000000a3b80000, 0x00000000e0000000)
  object space 60928K, 13% used [0x00000000a0000000,0x00000000a08343e0,0x00000000a3b80000)
 Metaspace       used 30858K, capacity 31372K, committed 31616K, reserved 1077248K
  class space    used 4226K, capacity 4403K, committed 4480K, reserved 1048576K
}
Event: 17.712 GC heap before
{Heap before GC invocations=11 (full 1):
 PSYoungGen      total 54784K, used 51932K [0x00000000e0000000, 0x00000000e4c00000, 0x0000000100000000)
  eden space 45056K, 100% used [0x00000000e0000000,0x00000000e2c00000,0x00000000e2c00000)
  from space 9728K, 70% used [0x00000000e2c00000,0x00000000e32b7038,0x00000000e3580000)
  to   space 9728K, 0% used [0x00000000e4280000,0x00000000e4280000,0x00000000e4c00000)
 ParOldGen       total 60928K, used 8400K [0x00000000a0000000, 0x00000000a3b80000, 0x00000000e0000000)
  object space 60928K, 13% used [0x00000000a0000000,0x00000000a08343e0,0x00000000a3b80000)
 Metaspace       used 33489K, capacity 34062K, committed 34304K, reserved 1079296K
  class space    used 4605K, capacity 4780K, committed 4864K, reserved 1048576K
Event: 17.731 GC heap after
Heap after GC invocations=11 (full 1):
 PSYoungGen      total 67584K, used 8213K [0x00000000e0000000, 0x00000000e4c80000, 0x0000000100000000)
  eden space 57856K, 0% used [0x00000000e0000000,0x00000000e0000000,0x00000000e3880000)
  from space 9728K, 84% used [0x00000000e4280000,0x00000000e4a856d0,0x00000000e4c00000)
  to   space 10240K, 0% used [0x00000000e3880000,0x00000000e3880000,0x00000000e4280000)
 ParOldGen       total 60928K, used 8408K [0x00000000a0000000, 0x00000000a3b80000, 0x00000000e0000000)
  object space 60928K, 13% used [0x00000000a0000000,0x00000000a08363e0,0x00000000a3b80000)
 Metaspace       used 33489K, capacity 34062K, committed 34304K, reserved 1079296K
  class space    used 4605K, capacity 4780K, committed 4864K, reserved 1048576K
}
Event: 24.475 GC heap before
{Heap before GC invocations=12 (full 1):
 PSYoungGen      total 67584K, used 34556K [0x00000000e0000000, 0x00000000e4c80000, 0x0000000100000000)
  eden space 57856K, 45% used [0x00000000e0000000,0x00000000e19b9be8,0x00000000e3880000)
  from space 9728K, 84% used [0x00000000e4280000,0x00000000e4a856d0,0x00000000e4c00000)
  to   space 10240K, 0% used [0x00000000e3880000,0x00000000e3880000,0x00000000e4280000)
 ParOldGen       total 60928K, used 8408K [0x00000000a0000000, 0x00000000a3b80000, 0x00000000e0000000)
  object space 60928K, 13% used [0x00000000a0000000,0x00000000a08363e0,0x00000000a3b80000)
 Metaspace       used 34609K, capacity 35232K, committed 35416K, reserved 1079296K
  class space    used 4756K, capacity 4933K, committed 4992K, reserved 1048576K
Event: 24.487 GC heap after
Heap after GC invocations=12 (full 1):
 PSYoungGen      total 68096K, used 8746K [0x00000000e0000000, 0x00000000e5b80000, 0x0000000100000000)
  eden space 57856K, 0% used [0x00000000e0000000,0x00000000e0000000,0x00000000e3880000)
  from space 10240K, 85% used [0x00000000e3880000,0x00000000e410aa60,0x00000000e4280000)
  to   space 10752K, 0% used [0x00000000e5100000,0x00000000e5100000,0x00000000e5b80000)
 ParOldGen       total 60928K, used 8416K [0x00000000a0000000, 0x00000000a3b80000, 0x00000000e0000000)
  object space 60928K, 13% used [0x00000000a0000000,0x00000000a08383e0,0x00000000a3b80000)
 Metaspace       used 34609K, capacity 35232K, committed 35416K, reserved 1079296K
  class space    used 4756K, capacity 4933K, committed 4992K, reserved 1048576K
}
Event: 24.487 GC heap before
{Heap before GC invocations=13 (full 2):
 PSYoungGen      total 68096K, used 8746K [0x00000000e0000000, 0x00000000e5b80000, 0x0000000100000000)
  eden space 57856K, 0% used [0x00000000e0000000,0x00000000e0000000,0x00000000e3880000)
  from space 10240K, 85% used [0x00000000e3880000,0x00000000e410aa60,0x00000000e4280000)
  to   space 10752K, 0% used [0x00000000e5100000,0x00000000e5100000,0x00000000e5b80000)
 ParOldGen       total 60928K, used 8416K [0x00000000a0000000, 0x00000000a3b80000, 0x00000000e0000000)
  object space 60928K, 13% used [0x00000000a0000000,0x00000000a08383e0,0x00000000a3b80000)
 Metaspace       used 34609K, capacity 35232K, committed 35416K, reserved 1079296K
  class space    used 4756K, capacity 4933K, committed 4992K, reserved 1048576K
Event: 24.563 GC heap after
Heap after GC invocations=13 (full 2):
 PSYoungGen      total 68096K, used 0K [0x00000000e0000000, 0x00000000e5b80000, 0x0000000100000000)
  eden space 57856K, 0% used [0x00000000e0000000,0x00000000e0000000,0x00000000e3880000)
  from space 10240K, 0% used [0x00000000e3880000,0x00000000e3880000,0x00000000e4280000)
  to   space 10752K, 0% used [0x00000000e5100000,0x00000000e5100000,0x00000000e5b80000)
 ParOldGen       total 92672K, used 15477K [0x00000000a0000000, 0x00000000a5a80000, 0x00000000e0000000)
  object space 92672K, 16% used [0x00000000a0000000,0x00000000a0f1d590,0x00000000a5a80000)
 Metaspace       used 34609K, capacity 35232K, committed 35416K, reserved 1079296K
  class space    used 4756K, capacity 4933K, committed 4992K, reserved 1048576K
}

